<?xml version="1.0" encoding="UTF-8"?>
<testng-results ignored="0" total="1" passed="1" failed="0" skipped="0">
  <reporter-output>
  </reporter-output>
  <suite started-at="2020-02-12T09:20:49Z" name="Surefire suite" finished-at="2020-02-12T09:20:49Z" duration-ms="8">
    <groups>
    </groups>
    <test started-at="2020-02-12T09:20:49Z" name="Surefire test" finished-at="2020-02-12T09:20:49Z" duration-ms="8">
      <class name="Cucumber.Automation.AppTest">
        <test-method signature="testApp()[pri:0, instance:testApp(Cucumber.Automation.AppTest)]" started-at="2020-02-12T09:20:49Z" name="testApp" finished-at="2020-02-12T09:20:49Z" duration-ms="3" status="PASS">
          <reporter-output>
          </reporter-output>
        </test-method> <!-- testApp -->
      </class> <!-- Cucumber.Automation.AppTest -->
    </test> <!-- Surefire test -->
  </suite> <!-- Surefire suite -->
</testng-results>
